Sender: LSF System <lsfadmin@polus-c2-ib.bmc.hpc.cs.msu.ru>
Subject: Job 504499: <# BSUB -n 1;#BSUB -q normal;#BSUB -W 03:00;#BSUB -o one.out;#BSUB -e one.err;#BSUB -R "span[hosts=1]";OMP_NUM_THREADS=1 ./mod2_64;OMP_NUM_THREADS=1 ./mod2_128;OMP_NUM_THREADS=1 ./mod2_256;OMP_NUM_THREADS=1 ./mod2_512;OMP_NUM_THREADS=1 ./mod2_600;OMP_NUM_THREADS=1 ./mod2_700;OMP_NUM_THREADS=1 ./mod2_800;OMP_NUM_THREADS=1 ./mod2_900;OMP_NUM_THREADS=1 ./mod2_1000;OMP_NUM_THREADS=1 ./mod2_1100> in cluster <MSUCluster> Exited

Job <# BSUB -n 1;#BSUB -q normal;#BSUB -W 03:00;#BSUB -o one.out;#BSUB -e one.err;#BSUB -R "span[hosts=1]";OMP_NUM_THREADS=1 ./mod2_64;OMP_NUM_THREADS=1 ./mod2_128;OMP_NUM_THREADS=1 ./mod2_256;OMP_NUM_THREADS=1 ./mod2_512;OMP_NUM_THREADS=1 ./mod2_600;OMP_NUM_THREADS=1 ./mod2_700;OMP_NUM_THREADS=1 ./mod2_800;OMP_NUM_THREADS=1 ./mod2_900;OMP_NUM_THREADS=1 ./mod2_1000;OMP_NUM_THREADS=1 ./mod2_1100> was submitted from host <polus-ib.bmc.hpc.cs.msu.ru> by user <edu-cmc-skpod19-321-10> in cluster <MSUCluster> at Wed Dec  4 13:24:42 2019
Job was executed on host(s) <polus-c2-ib.bmc.hpc.cs.msu.ru>, in queue <normal>, as user <edu-cmc-skpod19-321-10> in cluster <MSUCluster> at Wed Dec  4 13:24:43 2019
</home_edu/edu-cmc-skpod19-321/edu-cmc-skpod19-321-10> was used as the home directory.
</home_edu/edu-cmc-skpod19-321/edu-cmc-skpod19-321-10/SuperBlackTree> was used as the working directory.
Started at Wed Dec  4 13:24:43 2019
Terminated at Wed Dec  4 16:24:46 2019
Results reported at Wed Dec  4 16:24:46 2019

Your job looked like:

------------------------------------------------------------
# LSBATCH: User input
# BSUB -n 1
#BSUB -q normal
#BSUB -W 03:00
#BSUB -o one.out
#BSUB -e one.err
#BSUB -R "span[hosts=1]"
OMP_NUM_THREADS=1 ./mod2_64
OMP_NUM_THREADS=1 ./mod2_128
OMP_NUM_THREADS=1 ./mod2_256
OMP_NUM_THREADS=1 ./mod2_512
OMP_NUM_THREADS=1 ./mod2_600
OMP_NUM_THREADS=1 ./mod2_700
OMP_NUM_THREADS=1 ./mod2_800
OMP_NUM_THREADS=1 ./mod2_900
OMP_NUM_THREADS=1 ./mod2_1000
OMP_NUM_THREADS=1 ./mod2_1100

------------------------------------------------------------

TERM_RUNLIMIT: job killed after reaching LSF run time limit.
Exited with exit code 140.

Resource usage summary:

    CPU time :                                   10807.00 sec.
    Max Memory :                                 7665 MB
    Average Memory :                             4825.22 MB
    Total Requested Memory :                     -
    Delta Memory :                               -
    Max Swap :                                   -
    Max Processes :                              4
    Max Threads :                                5
    Run time :                                   10806 sec.
    Turnaround time :                            10804 sec.

The output (if any) follows:

it=   1   eps=33.333333
it=   2   eps=28.567130
it=   3   eps=22.992429
it=   4   eps=18.080551
it=   5   eps=14.197599
it=   6   eps=11.245853
it=   7   eps=10.642238
it=   8   eps=9.880777
it=   9   eps=9.064916
it=  10   eps=8.255864
it=  11   eps=7.487494
it=  12   eps=6.776523
it=  13   eps=6.129263
it=  14   eps=5.545983
it=  15   eps=5.232677
it=  16   eps=4.937618
it=  17   eps=4.652311
it=  18   eps=4.379394
it=  19   eps=4.120379
it=  20   eps=3.882259
it=  21   eps=3.757147
it=  22   eps=3.629457
it=  23   eps=3.501026
it=  24   eps=3.373277
it=  25   eps=3.247300
it=  26   eps=3.123911
it=  27   eps=3.003710
it=  28   eps=2.887120
it=  29   eps=2.774428
it=  30   eps=2.669691
it=  31   eps=2.610302
it=  32   eps=2.549794
it=  33   eps=2.488657
it=  34   eps=2.427305
it=  35   eps=2.366081
it=  36   eps=2.305269
it=  37   eps=2.245105
it=  38   eps=2.185777
it=  39   eps=2.127438
it=  40   eps=2.070211
it=  41   eps=2.014188
it=  42   eps=1.959440
it=  43   eps=1.906020
it=  44   eps=1.853963
it=  45   eps=1.803290
it=  46   eps=1.756696
it=  47   eps=1.722789
it=  48   eps=1.689139
it=  49   eps=1.655812
it=  50   eps=1.622860
it=  51   eps=1.590328
it=  52   eps=1.558255
it=  53   eps=1.526672
it=  54   eps=1.495605
it=  55   eps=1.465074
it=  56   eps=1.435095
it=  57   eps=1.407101
it=  58   eps=1.386829
it=  59   eps=1.366584
it=  60   eps=1.346397
it=  61   eps=1.326299
it=  62   eps=1.306316
it=  63   eps=1.286471
it=  64   eps=1.266785
it=  65   eps=1.247275
it=  66   eps=1.227958
it=  67   eps=1.208847
it=  68   eps=1.189954
it=  69   eps=1.171290
it=  70   eps=1.152863
it=  71   eps=1.134680
it=  72   eps=1.117066
it=  73   eps=1.104513
it=  74   eps=1.091952
it=  75   eps=1.079398
it=  76   eps=1.066866
it=  77   eps=1.054367
it=  78   eps=1.041912
it=  79   eps=1.029513
it=  80   eps=1.017177
it=  81   eps=1.004914
it=  82   eps=0.992730
it=  83   eps=0.980634
it=  84   eps=0.968631
it=  85   eps=0.956726
it=  86   eps=0.944926
it=  87   eps=0.933233
it=  88   eps=0.921652
it=  89   eps=0.910187
it=  90   eps=0.898840
it=  91   eps=0.887614
it=  92   eps=0.876511
it=  93   eps=0.865533
it=  94   eps=0.854682
it=  95   eps=0.843959
it=  96   eps=0.833365
it=  97   eps=0.824966
it=  98   eps=0.816844
it=  99   eps=0.808763
it= 100   eps=0.800728
  S = 3118693.312427
time = 0.176276
it=   1   eps=65.333333
it=   2   eps=56.567130
it=   3   eps=45.541811
it=   4   eps=35.824507
it=   5   eps=28.140965
it=   6   eps=22.339169
it=   7   eps=21.146297
it=   8   eps=19.639192
it=   9   eps=18.023128
it=  10   eps=16.419669
it=  11   eps=14.896166
it=  12   eps=13.485933
it=  13   eps=12.201632
it=  14   eps=11.045281
it=  15   eps=10.447437
it=  16   eps=9.860497
it=  17   eps=9.292815
it=  18   eps=8.749656
it=  19   eps=8.234050
it=  20   eps=7.777337
it=  21   eps=7.528063
it=  22   eps=7.273553
it=  23   eps=7.017479
it=  24   eps=6.762690
it=  25   eps=6.511366
it=  26   eps=6.265146
it=  27   eps=6.025230
it=  28   eps=5.792472
it=  29   eps=5.567448
it=  30   eps=5.368748
it=  31   eps=5.250194
it=  32   eps=5.129353
it=  33   eps=5.007210
it=  34   eps=4.884594
it=  35   eps=4.762197
it=  36   eps=4.640590
it=  37   eps=4.520245
it=  38   eps=4.401545
it=  39   eps=4.284797
it=  40   eps=4.170246
it=  41   eps=4.058084
it=  42   eps=3.948452
it=  43   eps=3.841459
it=  44   eps=3.737174
it=  45   eps=3.635645
it=  46   eps=3.550450
it=  47   eps=3.482417
it=  48   eps=3.414889
it=  49   eps=3.347993
it=  50   eps=3.281838
it=  51   eps=3.216515
it=  52   eps=3.152101
it=  53   eps=3.088661
it=  54   eps=3.026246
it=  55   eps=2.964899
it=  56   eps=2.904652
it=  57   eps=2.854712
it=  58   eps=2.813944
it=  59   eps=2.773219
it=  60   eps=2.732604
it=  61   eps=2.692159
it=  62   eps=2.651938
it=  63   eps=2.611987
it=  64   eps=2.572348
it=  65   eps=2.533058
it=  66   eps=2.494149
it=  67   eps=2.455650
it=  68   eps=2.417584
it=  69   eps=2.379972
it=  70   eps=2.342833
it=  71   eps=2.306181
it=  72   eps=2.275383
it=  73   eps=2.250077
it=  74   eps=2.224751
it=  75   eps=2.199434
it=  76   eps=2.174155
it=  77   eps=2.148937
it=  78   eps=2.123805
it=  79   eps=2.098778
it=  80   eps=2.073876
it=  81   eps=2.049116
it=  82   eps=2.024514
it=  83   eps=2.000083
it=  84   eps=1.975836
it=  85   eps=1.951785
it=  86   eps=1.927940
it=  87   eps=1.904309
it=  88   eps=1.880901
it=  89   eps=1.857723
it=  90   eps=1.834782
it=  91   eps=1.812081
it=  92   eps=1.789627
it=  93   eps=1.767423
it=  94   eps=1.745473
it=  95   eps=1.723778
it=  96   eps=1.705818
it=  97   eps=1.689289
it=  98   eps=1.672835
it=  99   eps=1.656463
it= 100   eps=1.640181
  S = 58100241.257371
time = 2.518129
it=   1   eps=129.333333
it=   2   eps=112.567130
it=   3   eps=90.640577
it=   4   eps=71.312419
it=   5   eps=56.027697
it=   6   eps=44.525801
it=   7   eps=42.154417
it=   8   eps=39.156021
it=   9   eps=35.939554
it=  10   eps=32.747280
it=  11   eps=29.713510
it=  12   eps=26.904753
it=  13   eps=24.346370
it=  14   eps=22.069243
it=  15   eps=20.876956
it=  16   eps=19.706255
it=  17   eps=18.573823
it=  18   eps=17.490180
it=  19   eps=16.461391
it=  20   eps=15.567493
it=  21   eps=15.069895
it=  22   eps=14.561745
it=  23   eps=14.050384
it=  24   eps=13.541515
it=  25   eps=13.039498
it=  26   eps=12.547615
it=  27   eps=12.068271
it=  28   eps=11.603176
it=  29   eps=11.153488
it=  30   eps=10.766864
it=  31   eps=10.529979
it=  32   eps=10.288471
it=  33   eps=10.044315
it=  34   eps=9.799173
it=  35   eps=9.554430
it=  36   eps=9.311233
it=  37   eps=9.070527
it=  38   eps=8.833081
it=  39   eps=8.599514
it=  40   eps=8.370318
it=  41   eps=8.145876
it=  42   eps=7.926477
it=  43   eps=7.712335
it=  44   eps=7.503597
it=  45   eps=7.300355
it=  46   eps=7.137957
it=  47   eps=7.001674
it=  48   eps=6.866388
it=  49   eps=6.732355
it=  50   eps=6.599793
it=  51   eps=6.468888
it=  52   eps=6.339794
it=  53   eps=6.212639
it=  54   eps=6.087529
it=  55   eps=5.964549
it=  56   eps=5.843765
it=  57   eps=5.749935
it=  58   eps=5.668173
it=  59   eps=5.586488
it=  60   eps=5.505017
it=  61   eps=5.423878
it=  62   eps=5.343180
it=  63   eps=5.263017
it=  64   eps=5.183474
it=  65   eps=5.104624
it=  66   eps=5.026532
it=  67   eps=4.949255
it=  68   eps=4.872843
it=  69   eps=4.797337
it=  70   eps=4.722774
it=  71   eps=4.649183
it=  72   eps=4.592017
it=  73   eps=4.541206
it=  74   eps=4.490349
it=  75   eps=4.439506
it=  76   eps=4.388732
it=  77   eps=4.338078
it=  78   eps=4.287590
it=  79   eps=4.237309
it=  80   eps=4.187275
it=  81   eps=4.137522
it=  82   eps=4.088081
it=  83   eps=4.038980
it=  84   eps=3.990247
it=  85   eps=3.941902
it=  86   eps=3.893968
it=  87   eps=3.846461
it=  88   eps=3.799400
it=  89   eps=3.752797
it=  90   eps=3.706666
it=  91   eps=3.661017
it=  92   eps=3.615860
it=  93   eps=3.571203
it=  94   eps=3.527053
it=  95   eps=3.484602
it=  96   eps=3.451200
it=  97   eps=3.417933
it=  98   eps=3.384816
it=  99   eps=3.351863
it= 100   eps=3.319087
  S = 1000027532.089759
time = 44.406314
it=   1   eps=257.333333
it=   2   eps=224.567130
it=   3   eps=180.838108
it=   4   eps=142.288242
it=   5   eps=111.801162
it=   6   eps=88.899065
it=   7   eps=84.170657
it=   8   eps=78.189681
it=   9   eps=71.772405
it=  10   eps=65.402501
it=  11   eps=59.348197
it=  12   eps=53.742394
it=  13   eps=48.635845
it=  14   eps=44.117165
it=  15   eps=41.735994
it=  16   eps=39.397772
it=  17   eps=37.135840
it=  18   eps=34.971229
it=  19   eps=32.916073
it=  20   eps=31.147805
it=  21   eps=30.153560
it=  22   eps=29.138129
it=  23   eps=28.116196
it=  24   eps=27.099164
it=  25   eps=26.095763
it=  26   eps=25.112552
it=  27   eps=24.154352
it=  28   eps=23.224585
it=  29   eps=22.325568
it=  30   eps=21.563094
it=  31   eps=21.089547
it=  32   eps=20.606706
it=  33   eps=20.118526
it=  34   eps=19.628331
it=  35   eps=19.138895
it=  36   eps=18.652517
it=  37   eps=18.171089
it=  38   eps=17.696153
it=  39   eps=17.228948
it=  40   eps=16.770462
it=  41   eps=16.321460
it=  42   eps=15.882526
it=  43   eps=15.454089
it=  44   eps=15.036443
it=  45   eps=14.629774
it=  46   eps=14.312972
it=  47   eps=14.040188
it=  48   eps=13.769386
it=  49   eps=13.501079
it=  50   eps=13.235705
it=  51   eps=12.973635
it=  52   eps=12.715179
it=  53   eps=12.460595
it=  54   eps=12.210095
it=  55   eps=11.963848
it=  56   eps=11.721990
it=  57   eps=11.540381
it=  58   eps=11.376631
it=  59   eps=11.213028
it=  60   eps=11.049843
it=  61   eps=10.887317
it=  62   eps=10.725665
it=  63   eps=10.565078
it=  64   eps=10.405725
it=  65   eps=10.247755
it=  66   eps=10.091297
it=  67   eps=9.936467
it=  68   eps=9.783361
it=  69   eps=9.632066
it=  70   eps=9.482654
it=  71   eps=9.335187
it=  72   eps=9.225285
it=  73   eps=9.123465
it=  74   eps=9.021546
it=  75   eps=8.919650
it=  76   eps=8.817887
it=  77   eps=8.716360
it=  78   eps=8.615160
it=  79   eps=8.514372
it=  80   eps=8.414073
it=  81   eps=8.314333
it=  82   eps=8.215214
it=  83   eps=8.116776
it=  84   eps=8.019067
it=  85   eps=7.922136
it=  86   eps=7.826023
it=  87   eps=7.730766
it=  88   eps=7.636397
it=  89   eps=7.542944
it=  90   eps=7.450434
it=  91   eps=7.358888
it=  92   eps=7.268326
it=  93   eps=7.178764
it=  94   eps=7.090214
it=  95   eps=7.008973
it=  96   eps=6.941964
it=  97   eps=6.875223
it=  98   eps=6.808779
it=  99   eps=6.742663
it= 100   eps=6.676899
  S = 16583514003.198639
time = 546.404363
it=   1   eps=301.333333
it=   2   eps=263.067130
it=   3   eps=211.843509
it=   4   eps=166.686181
it=   5   eps=130.973290
it=   6   eps=104.152374
it=   7   eps=98.613740
it=   8   eps=91.607501
it=   9   eps=84.089947
it=  10   eps=76.627734
it=  11   eps=69.535121
it=  12   eps=62.967833
it=  13   eps=56.985352
it=  14   eps=51.696139
it=  15   eps=48.906288
it=  16   eps=46.166730
it=  17   eps=43.516533
it=  18   eps=40.980340
it=  19   eps=38.572370
it=  20   eps=36.503538
it=  21   eps=35.338569
it=  22   eps=34.148761
it=  23   eps=32.951319
it=  24   eps=31.759607
it=  25   eps=30.583854
it=  26   eps=29.431750
it=  27   eps=28.308942
it=  28   eps=27.219444
it=  29   eps=26.165971
it=  30   eps=25.274298
it=  31   eps=24.719399
it=  32   eps=24.153600
it=  33   eps=23.581537
it=  34   eps=23.007104
it=  35   eps=22.433554
it=  36   eps=21.863583
it=  37   eps=21.299408
it=  38   eps=20.742834
it=  39   eps=20.195316
it=  40   eps=19.658011
it=  41   eps=19.131817
it=  42   eps=18.617418
it=  43   eps=18.115316
it=  44   eps=17.625858
it=  45   eps=17.149262
it=  46   eps=16.779383
it=  47   eps=16.459677
it=  48   eps=16.142291
it=  49   eps=15.827828
it=  50   eps=15.516800
it=  51   eps=15.209642
it=  52   eps=14.906718
it=  53   eps=14.608330
it=  54   eps=14.314727
it=  55   eps=14.026108
it=  56   eps=13.742630
it=  57   eps=13.530847
it=  58   eps=13.338914
it=  59   eps=13.147151
it=  60   eps=12.955877
it=  61   eps=12.765374
it=  62   eps=12.575894
it=  63   eps=12.387662
it=  64   eps=12.200874
it=  65   eps=12.015706
it=  66   eps=11.832310
it=  67   eps=11.650820
it=  68   eps=11.471352
it=  69   eps=11.294005
it=  70   eps=11.118863
it=  71   eps=10.946001
it=  72   eps=10.817971
it=  73   eps=10.698616
it=  74   eps=10.579145
it=  75   eps=10.459699
it=  76   eps=10.340409
it=  77   eps=10.221394
it=  78   eps=10.102762
it=  79   eps=9.984612
it=  80   eps=9.867034
it=  81   eps=9.750111
it=  82   eps=9.633917
it=  83   eps=9.518518
it=  84   eps=9.403975
it=  85   eps=9.290342
it=  86   eps=9.177668
it=  87   eps=9.065996
it=  88   eps=8.955364
it=  89   eps=8.845807
it=  90   eps=8.737354
it=  91   eps=8.630032
it=  92   eps=8.523861
it=  93   eps=8.418862
it=  94   eps=8.315051
it=  95   eps=8.220476
it=  96   eps=8.141914
it=  97   eps=8.063666
it=  98   eps=7.985767
it=  99   eps=7.908250
it= 100   eps=7.831147
  S = 31438697657.273323
time = 731.767261
it=   1   eps=351.333333
it=   2   eps=306.817130
it=   3   eps=247.076919
it=   4   eps=194.411112
it=   5   eps=152.759800
it=   6   eps=121.485681
it=   7   eps=115.026334
it=   8   eps=106.855024
it=   9   eps=98.087155
it=  10   eps=89.383680
it=  11   eps=81.111171
it=  12   eps=73.451286
it=  13   eps=66.473428
it=  14   eps=60.308609
it=  15   eps=57.054350
it=  16   eps=53.858729
it=  17   eps=50.767320
it=  18   eps=47.808875
it=  19   eps=44.999981
it=  20   eps=42.589597
it=  21   eps=41.230626
it=  22   eps=39.842661
it=  23   eps=38.445776
it=  24   eps=37.055564
it=  25   eps=35.683957
it=  26   eps=34.339929
it=  27   eps=33.030067
it=  28   eps=31.759056
it=  29   eps=30.530065
it=  30   eps=29.491575
it=  31   eps=28.844231
it=  32   eps=28.184161
it=  33   eps=27.516775
it=  34   eps=26.846619
it=  35   eps=26.177486
it=  36   eps=25.512522
it=  37   eps=24.854315
it=  38   eps=24.204971
it=  39   eps=23.566189
it=  40   eps=22.939317
it=  41   eps=22.325404
it=  42   eps=21.725250
it=  43   eps=21.139439
it=  44   eps=20.568376
it=  45   eps=20.012316
it=  46   eps=19.582123
it=  47   eps=19.209097
it=  48   eps=18.838775
it=  49   eps=18.471861
it=  50   eps=18.108953
it=  51   eps=17.750559
it=  52   eps=17.397103
it=  53   eps=17.048938
it=  54   eps=16.706354
it=  55   eps=16.369584
it=  56   eps=16.038812
it=  57   eps=15.792740
it=  58   eps=15.568780
it=  59   eps=15.345018
it=  60   eps=15.121825
it=  61   eps=14.899529
it=  62   eps=14.678427
it=  63   eps=14.458779
it=  64   eps=14.240816
it=  65   eps=14.024742
it=  66   eps=13.810734
it=  67   eps=13.598950
it=  68   eps=13.389523
it=  69   eps=13.182571
it=  70   eps=12.978192
it=  71   eps=12.776471
it=  72   eps=12.627841
it=  73   eps=12.488561
it=  74   eps=12.349144
it=  75   eps=12.209756
it=  76   eps=12.070548
it=  77   eps=11.931660
it=  78   eps=11.793219
it=  79   eps=11.655339
it=  80   eps=11.518127
it=  81   eps=11.381678
it=  82   eps=11.246078
it=  83   eps=11.111406
it=  84   eps=10.977733
it=  85   eps=10.845121
it=  86   eps=10.713627
it=  87   eps=10.583302
it=  88   eps=10.454191
it=  89   eps=10.326333
it=  90   eps=10.199764
it=  91   eps=10.074513
it=  92   eps=9.950606
it=  93   eps=9.828066
it=  94   eps=9.706911
it=  95   eps=9.597183
it=  96   eps=9.505494
it=  97   eps=9.414170
it=  98   eps=9.323252
it=  99   eps=9.232781
it= 100   eps=9.142792
  S = 58496409961.127350
time = 1681.639340
it=   1   eps=401.333333
it=   2   eps=350.567130
it=   3   eps=282.310330
it=   4   eps=222.136042
it=   5   eps=174.546309
it=   6   eps=138.818987
it=   7   eps=131.438927
it=   8   eps=122.102547
it=   9   eps=112.084362
it=  10   eps=102.139625
it=  11   eps=92.687221
it=  12   eps=83.934740
it=  13   eps=75.961505
it=  14   eps=68.921079
it=  15   eps=65.202412
it=  16   eps=61.550728
it=  17   eps=58.018108
it=  18   eps=54.637410
it=  19   eps=51.427591
it=  20   eps=48.675657
it=  21   eps=47.122682
it=  22   eps=45.536561
it=  23   eps=43.940234
it=  24   eps=42.351521
it=  25   eps=40.784060
it=  26   eps=39.248108
it=  27   eps=37.751193
it=  28   eps=36.298669
it=  29   eps=34.894159
it=  30   eps=33.708853
it=  31   eps=32.969062
it=  32   eps=32.214722
it=  33   eps=31.452014
it=  34   eps=30.686134
it=  35   eps=29.921418
it=  36   eps=29.161461
it=  37   eps=28.409222
it=  38   eps=27.667109
it=  39   eps=26.937062
it=  40   eps=26.220623
it=  41   eps=25.518992
it=  42   eps=24.833082
it=  43   eps=24.163561
it=  44   eps=23.510894
it=  45   eps=22.875371
it=  46   eps=22.384863
it=  47   eps=21.958516
it=  48   eps=21.535259
it=  49   eps=21.115894
it=  50   eps=20.701106
it=  51   eps=20.291475
it=  52   eps=19.887487
it=  53   eps=19.489546
it=  54   eps=19.097981
it=  55   eps=18.713061
it=  56   eps=18.334994
it=  57   eps=18.054633
it=  58   eps=17.798647
it=  59   eps=17.542885
it=  60   eps=17.287772
it=  61   eps=17.033685
it=  62   eps=16.780960
it=  63   eps=16.529897
it=  64   eps=16.280758
it=  65   eps=16.033777
it=  66   eps=15.789158
it=  67   eps=15.547079
it=  68   eps=15.307694
it=  69   eps=15.071137
it=  70   eps=14.837520
it=  71   eps=14.606941
it=  72   eps=14.437711
it=  73   eps=14.278506
it=  74   eps=14.119143
it=  75   eps=13.959812
it=  76   eps=13.800687
it=  77   eps=13.641926
it=  78   eps=13.483676
it=  79   eps=13.326067
it=  80   eps=13.169220
it=  81   eps=13.013245
it=  82   eps=12.858240
it=  83   eps=12.704295
it=  84   eps=12.551491
it=  85   eps=12.399900
it=  86   eps=12.249586
it=  87   eps=12.100609
it=  88   eps=11.953018
it=  89   eps=11.806860
it=  90   eps=11.662173
it=  91   eps=11.518993
it=  92   eps=11.377350
it=  93   eps=11.237269
it=  94   eps=11.098771
it=  95   eps=10.973891
it=  96   eps=10.869074
it=  97   eps=10.764673
it=  98   eps=10.660738
it=  99   eps=10.557312
it= 100   eps=10.454438
  S = 100115928954.528610
time = 2235.301563
it=   1   eps=451.333333
it=   2   eps=394.317130
it=   3   eps=317.543740
it=   4   eps=249.860973
it=   5   eps=196.332819
it=   6   eps=156.152293
it=   7   eps=147.851521
it=   8   eps=137.350071
it=   9   eps=126.081570
it=  10   eps=114.895571
it=  11   eps=104.263271
it=  12   eps=94.418193
it=  13   eps=85.449581
it=  14   eps=77.533548
it=  15   eps=73.350473
it=  16   eps=69.242726
it=  17   eps=65.268896
it=  18   eps=61.465944
it=  19   eps=57.855201
it=  20   eps=54.761716
it=  21   eps=53.014739
it=  22   eps=51.230461
it=  23   eps=49.434692
it=  24   eps=47.647478
it=  25   eps=45.884164
it=  26   eps=44.156286
it=  27   eps=42.472318
it=  28   eps=40.838281
it=  29   eps=39.258253
it=  30   eps=37.926130
it=  31   eps=37.093894
it=  32   eps=36.245283
it=  33   eps=35.387253
it=  34   eps=34.525648
it=  35   eps=33.665349
it=  36   eps=32.810401
it=  37   eps=31.964129
it=  38   eps=31.129246
it=  39   eps=30.307935
it=  40   eps=29.501929
it=  41   eps=28.712580
it=  42   eps=27.940914
it=  43   eps=27.187684
it=  44   eps=26.453412
it=  45   eps=25.738425
it=  46   eps=25.187603
it=  47   eps=24.707936
it=  48   eps=24.231742
it=  49   eps=23.759927
it=  50   eps=23.293259
it=  51   eps=22.832392
it=  52   eps=22.377872
it=  53   eps=21.930153
it=  54   eps=21.489608
it=  55   eps=21.056537
it=  56   eps=20.631176
it=  57   eps=20.316526
it=  58   eps=20.028513
it=  59   eps=19.740753
it=  60   eps=19.453720
it=  61   eps=19.167841
it=  62   eps=18.883493
it=  63   eps=18.601014
it=  64   eps=18.320700
it=  65   eps=18.042813
it=  66   eps=17.767582
it=  67   eps=17.495208
it=  68   eps=17.225865
it=  69   eps=16.959703
it=  70   eps=16.696849
it=  71   eps=16.437411
it=  72   eps=16.247581
it=  73   eps=16.068450
it=  74   eps=15.889141
it=  75   eps=15.709868
it=  76   eps=15.530825
it=  77   eps=15.352193
it=  78   eps=15.174132
it=  79   eps=14.996794
it=  80   eps=14.820313
it=  81   eps=14.644811
it=  82   eps=14.470402
it=  83   eps=14.297184
it=  84   eps=14.125249
it=  85   eps=13.954679
it=  86   eps=13.785546
it=  87   eps=13.617915
it=  88   eps=13.451845
it=  89   eps=13.287386
it=  90   eps=13.124583
it=  91   eps=12.963474
it=  92   eps=12.804095
it=  93   eps=12.646472
it=  94   eps=12.490630
it=  95   eps=12.350598
it=  96   eps=12.232653
it=  97   eps=12.115177
it=  98   eps=11.998223
it=  99   eps=11.881843
it= 100   eps=11.766083
  S = 160770296858.186096
time = 2598.436503


PS:

Read file <one.err> for stderr output of this job.

Sender: LSF System <lsfadmin@polus-c4-ib.bmc.hpc.cs.msu.ru>
Subject: Job 505079: <# BSUB -n 1;#BSUB -q normal;#BSUB -W 03:00;#BSUB -o one.out;#BSUB -e one.err;#BSUB -R "span[hosts=1]";OMP_NUM_THREADS=1 ./mod2_1000;OMP_NUM_THREADS=1 ./mod2_1100> in cluster <MSUCluster> Exited

Job <# BSUB -n 1;#BSUB -q normal;#BSUB -W 03:00;#BSUB -o one.out;#BSUB -e one.err;#BSUB -R "span[hosts=1]";OMP_NUM_THREADS=1 ./mod2_1000;OMP_NUM_THREADS=1 ./mod2_1100> was submitted from host <polus-ib.bmc.hpc.cs.msu.ru> by user <edu-cmc-skpod19-321-10> in cluster <MSUCluster> at Wed Dec  4 17:33:50 2019
Job was executed on host(s) <polus-c4-ib.bmc.hpc.cs.msu.ru>, in queue <normal>, as user <edu-cmc-skpod19-321-10> in cluster <MSUCluster> at Wed Dec  4 17:33:50 2019
</home_edu/edu-cmc-skpod19-321/edu-cmc-skpod19-321-10> was used as the home directory.
</home_edu/edu-cmc-skpod19-321/edu-cmc-skpod19-321-10/SuperBlackTree> was used as the working directory.
Started at Wed Dec  4 17:33:50 2019
Terminated at Wed Dec  4 20:33:53 2019
Results reported at Wed Dec  4 20:33:53 2019

Your job looked like:

------------------------------------------------------------
# LSBATCH: User input
# BSUB -n 1
#BSUB -q normal
#BSUB -W 03:00
#BSUB -o one.out
#BSUB -e one.err
#BSUB -R "span[hosts=1]"
OMP_NUM_THREADS=1 ./mod2_1000
OMP_NUM_THREADS=1 ./mod2_1100

------------------------------------------------------------

TERM_RUNLIMIT: job killed after reaching LSF run time limit.
Exited with exit code 140.

Resource usage summary:

    CPU time :                                   10804.00 sec.
    Max Memory :                                 10197 MB
    Average Memory :                             8644.43 MB
    Total Requested Memory :                     -
    Delta Memory :                               -
    Max Swap :                                   -
    Max Processes :                              4
    Max Threads :                                5
    Run time :                                   10804 sec.
    Turnaround time :                            10803 sec.

The output (if any) follows:

it=   1   eps=501.333333
it=   2   eps=438.067130
it=   3   eps=352.777151
it=   4   eps=277.585904
it=   5   eps=218.119328
it=   6   eps=173.485599
it=   7   eps=164.264115
it=   8   eps=152.597594
it=   9   eps=140.078777
it=  10   eps=127.651517
it=  11   eps=115.839320
it=  12   eps=104.901647
it=  13   eps=94.937657
it=  14   eps=86.146018
it=  15   eps=81.498535
it=  16   eps=76.934725
it=  17   eps=72.519683
it=  18   eps=68.294479
it=  19   eps=64.282811
it=  20   eps=60.847775
it=  21   eps=58.906795
it=  22   eps=56.924361
it=  23   eps=54.929149
it=  24   eps=52.943435
it=  25   eps=50.984267
it=  26   eps=49.064465
it=  27   eps=47.193443
it=  28   eps=45.377894
it=  29   eps=43.622347
it=  30   eps=42.143408
it=  31   eps=41.218726
it=  32   eps=40.275843
it=  33   eps=39.322491
it=  34   eps=38.365163
it=  35   eps=37.409281
it=  36   eps=36.459340
it=  37   eps=35.519037
it=  38   eps=34.591384
it=  39   eps=33.678808
it=  40   eps=32.783235
it=  41   eps=31.906167
it=  42   eps=31.048745
it=  43   eps=30.211806
it=  44   eps=29.395929
it=  45   eps=28.601480
it=  46   eps=27.990343
it=  47   eps=27.457355
it=  48   eps=26.928226
it=  49   eps=26.403959
it=  50   eps=25.885412
it=  51   eps=25.373309
it=  52   eps=24.868257
it=  53   eps=24.370761
it=  54   eps=23.881236
it=  55   eps=23.400014
it=  56   eps=22.927358
it=  57   eps=22.578419
it=  58   eps=22.258380
it=  59   eps=21.938620
it=  60   eps=21.619668
it=  61   eps=21.301996
it=  62   eps=20.986027
it=  63   eps=20.672132
it=  64   eps=20.360642
it=  65   eps=20.051848
it=  66   eps=19.746006
it=  67   eps=19.443338
it=  68   eps=19.144037
it=  69   eps=18.848269
it=  70   eps=18.556177
it=  71   eps=18.267882
it=  72   eps=18.057452
it=  73   eps=17.858395
it=  74   eps=17.659140
it=  75   eps=17.459924
it=  76   eps=17.260964
it=  77   eps=17.062459
it=  78   eps=16.864589
it=  79   eps=16.667522
it=  80   eps=16.471406
it=  81   eps=16.276378
it=  82   eps=16.082563
it=  83   eps=15.890073
it=  84   eps=15.699007
it=  85   eps=15.509458
it=  86   eps=15.321505
it=  87   eps=15.135222
it=  88   eps=14.950672
it=  89   eps=14.767912
it=  90   eps=14.586992
it=  91   eps=14.407955
it=  92   eps=14.230839
it=  93   eps=14.055675
it=  94   eps=13.882490
it=  95   eps=13.727306
it=  96   eps=13.596233
it=  97   eps=13.465681
it=  98   eps=13.335709
it=  99   eps=13.206374
it= 100   eps=13.077728
  S = 245532555893.357391
time = 6568.987441


PS:

Read file <one.err> for stderr output of this job.

