Sender: LSF System <lsfadmin@polus-c4-ib.bmc.hpc.cs.msu.ru>
Subject: Job 499322: <#BSUB -n 16;#BSUB -W 00:15;#BSUB -o t64_2.out;#BSUB -e t64_2.err;#BSUB -R "span[hosts=1]";OMP_NUM_THREADS=8 ./mod2_64;OMP_NUM_THREADS=16 ./mod2_64;OMP_NUM_THREADS=32 ./mod2_64;OMP_NUM_THREADS=64 ./mod2_64;OMP_NUM_THREADS=128 ./mod2_64> in cluster <MSUCluster> Done

Job <#BSUB -n 16;#BSUB -W 00:15;#BSUB -o t64_2.out;#BSUB -e t64_2.err;#BSUB -R "span[hosts=1]";OMP_NUM_THREADS=8 ./mod2_64;OMP_NUM_THREADS=16 ./mod2_64;OMP_NUM_THREADS=32 ./mod2_64;OMP_NUM_THREADS=64 ./mod2_64;OMP_NUM_THREADS=128 ./mod2_64> was submitted from host <polus-ib.bmc.hpc.cs.msu.ru> by user <edu-cmc-skpod19-321-10> in cluster <MSUCluster> at Mon Dec  2 08:20:28 2019
Job was executed on host(s) <16*polus-c4-ib.bmc.hpc.cs.msu.ru>, in queue <short>, as user <edu-cmc-skpod19-321-10> in cluster <MSUCluster> at Mon Dec  2 09:54:25 2019
</home_edu/edu-cmc-skpod19-321/edu-cmc-skpod19-321-10> was used as the home directory.
</home_edu/edu-cmc-skpod19-321/edu-cmc-skpod19-321-10/SuperBlackTree> was used as the working directory.
Started at Mon Dec  2 09:54:25 2019
Terminated at Mon Dec  2 09:54:27 2019
Results reported at Mon Dec  2 09:54:27 2019

Your job looked like:

------------------------------------------------------------
# LSBATCH: User input
#BSUB -n 16
#BSUB -W 00:15
#BSUB -o t64_2.out
#BSUB -e t64_2.err
#BSUB -R "span[hosts=1]"
OMP_NUM_THREADS=8 ./mod2_64
OMP_NUM_THREADS=16 ./mod2_64
OMP_NUM_THREADS=32 ./mod2_64
OMP_NUM_THREADS=64 ./mod2_64
OMP_NUM_THREADS=128 ./mod2_64

------------------------------------------------------------

Successfully completed.

Resource usage summary:

    CPU time :                                   51.19 sec.
    Max Memory :                                 5 MB
    Average Memory :                             4.67 MB
    Total Requested Memory :                     -
    Delta Memory :                               -
    Max Swap :                                   -
    Max Processes :                              4
    Max Threads :                                5
    Run time :                                   2 sec.
    Turnaround time :                            5639 sec.

The output (if any) follows:

it=   1   eps=27.333333
it=   2   eps=22.567130
it=   3   eps=22.992429
it=   4   eps=13.782242
it=   5   eps=14.197599
it=   6   eps=11.245853
it=   7   eps=10.642238
it=   8   eps=5.792574
it=   9   eps=5.374535
it=  10   eps=5.022490
it=  11   eps=7.487494
it=  12   eps=6.776523
it=  13   eps=6.129263
it=  14   eps=3.716778
it=  15   eps=3.443018
it=  16   eps=3.192050
it=  17   eps=4.652311
it=  18   eps=2.791634
it=  19   eps=2.646098
it=  20   eps=3.882259
it=  21   eps=2.393181
it=  22   eps=3.629457
it=  23   eps=2.233821
it=  24   eps=2.155553
it=  25   eps=2.078968
it=  26   eps=2.004429
it=  27   eps=1.932188
it=  28   eps=1.862405
it=  29   eps=1.795174
it=  30   eps=1.730536
it=  31   eps=2.610302
it=  32   eps=2.549794
it=  33   eps=1.552050
it=  34   eps=2.427305
it=  35   eps=2.366081
it=  36   eps=2.305269
it=  37   eps=1.380133
it=  38   eps=2.185777
it=  39   eps=2.127438
it=  40   eps=1.277933
it=  41   eps=2.014188
it=  42   eps=1.959440
it=  43   eps=1.200194
it=  44   eps=1.175053
it=  45   eps=1.803290
it=  46   eps=1.756696
it=  47   eps=1.722789
it=  48   eps=1.079118
it=  49   eps=1.655812
it=  50   eps=1.622860
it=  51   eps=1.590328
it=  52   eps=0.991199
it=  53   eps=1.526672
it=  54   eps=0.950304
it=  55   eps=1.465074
it=  56   eps=1.435095
it=  57   eps=1.407101
it=  58   eps=1.386829
it=  59   eps=1.366584
it=  60   eps=1.346397
it=  61   eps=0.850522
it=  62   eps=0.840382
it=  63   eps=1.286471
it=  64   eps=1.266785
it=  65   eps=1.247275
it=  66   eps=0.800173
it=  67   eps=0.790256
it=  68   eps=1.189954
it=  69   eps=0.770635
it=  70   eps=1.152863
it=  71   eps=1.134680
it=  72   eps=1.117066
it=  73   eps=0.732397
it=  74   eps=0.723070
it=  75   eps=0.713843
it=  76   eps=0.704718
it=  77   eps=0.695697
it=  78   eps=0.686782
it=  79   eps=0.677974
it=  80   eps=0.669273
it=  81   eps=0.660682
it=  82   eps=0.652495
it=  83   eps=0.647005
it=  84   eps=0.641497
it=  85   eps=0.635975
it=  86   eps=0.630443
it=  87   eps=0.624907
it=  88   eps=0.619370
it=  89   eps=0.613836
it=  90   eps=0.608309
it=  91   eps=0.602793
it=  92   eps=0.597290
it=  93   eps=0.591803
it=  94   eps=0.586335
it=  95   eps=0.580889
it=  96   eps=0.575467
it=  97   eps=0.570071
it=  98   eps=0.564703
it=  99   eps=0.559365
it= 100   eps=0.554058
  S = 3118693.312427
time = 0.230635
it=   1   eps=30.000000
it=   2   eps=20.363426
it=   3   eps=19.444653
it=   4   eps=15.129892
it=   5   eps=11.852251
it=   6   eps=11.245853
it=   7   eps=10.642238
it=   8   eps=7.359408
it=   9   eps=5.082480
it=  10   eps=5.570704
it=  11   eps=4.422767
it=  12   eps=4.332889
it=  13   eps=4.452352
it=  14   eps=3.559272
it=  15   eps=3.310281
it=  16   eps=3.081243
it=  17   eps=3.287101
it=  18   eps=2.678903
it=  19   eps=2.581483
it=  20   eps=2.513693
it=  21   eps=3.052329
it=  22   eps=2.369889
it=  23   eps=2.296188
it=  24   eps=2.750698
it=  25   eps=2.653554
it=  26   eps=2.077122
it=  27   eps=2.006410
it=  28   eps=1.937385
it=  29   eps=1.870242
it=  30   eps=2.112318
it=  31   eps=1.852588
it=  32   eps=1.681212
it=  33   eps=1.641987
it=  34   eps=1.500983
it=  35   eps=1.459569
it=  36   eps=1.381001
it=  37   eps=1.516012
it=  38   eps=1.342148
it=  39   eps=1.305322
it=  40   eps=1.419440
it=  41   eps=1.387593
it=  42   eps=1.463895
it=  43   eps=1.333433
it=  44   eps=1.522148
it=  45   eps=1.491761
it=  46   eps=1.461952
it=  47   eps=1.205489
it=  48   eps=1.177048
it=  49   eps=1.149221
it=  50   eps=1.352875
it=  51   eps=1.109094
it=  52   eps=1.091349
it=  53   eps=1.073616
it=  54   eps=1.055933
it=  55   eps=1.038334
it=  56   eps=1.235158
it=  57   eps=1.003498
it=  58   eps=0.980093
it=  59   eps=1.179343
it=  60   eps=0.952485
it=  61   eps=0.935880
it=  62   eps=0.919498
it=  63   eps=0.903346
it=  64   eps=1.091583
it=  65   eps=0.871770
it=  66   eps=1.058385
it=  67   eps=0.841310
it=  68   eps=0.830291
it=  69   eps=0.819319
it=  70   eps=0.808404
it=  71   eps=0.797557
it=  72   eps=0.786787
it=  73   eps=0.982119
it=  74   eps=0.695723
it=  75   eps=0.755008
it=  76   eps=0.676940
it=  77   eps=0.740500
it=  78   eps=0.724151
it=  79   eps=0.714091
it=  80   eps=0.641075
it=  81   eps=0.697314
it=  82   eps=0.623988
it=  83   eps=0.682876
it=  84   eps=0.608243
it=  85   eps=0.735074
it=  86   eps=0.857394
it=  87   eps=0.654241
it=  88   eps=0.581045
it=  89   eps=0.684790
it=  90   eps=0.676931
it=  91   eps=0.561512
it=  92   eps=0.803182
it=  93   eps=0.767215
it=  94   eps=0.605615
it=  95   eps=0.594773
it=  96   eps=0.536851
it=  97   eps=0.532056
it=  98   eps=0.766456
it=  99   eps=0.572495
it= 100   eps=0.566056
  S = 3118693.312427
time = 0.173982
it=   1   eps=23.000000
it=   2   eps=18.986111
it=   3   eps=17.497315
it=   4   eps=16.140750
it=   5   eps=12.644950
it=   6   eps=7.239216
it=   7   eps=7.412332
it=   8   eps=5.404334
it=   9   eps=5.055900
it=  10   eps=6.950478
it=  11   eps=4.422767
it=  12   eps=4.117271
it=  13   eps=3.828537
it=  14   eps=3.564610
it=  15   eps=3.310281
it=  16   eps=3.081243
it=  17   eps=4.048535
it=  18   eps=2.678903
it=  19   eps=2.581483
it=  20   eps=3.498161
it=  21   eps=2.442731
it=  22   eps=2.369889
it=  23   eps=2.296188
it=  24   eps=2.222434
it=  25   eps=2.149251
it=  26   eps=2.077122
it=  27   eps=2.006410
it=  28   eps=1.811818
it=  29   eps=2.141613
it=  30   eps=1.805114
it=  31   eps=1.742089
it=  32   eps=1.681212
it=  33   eps=1.641987
it=  34   eps=1.611339
it=  35   eps=1.579982
it=  36   eps=2.305269
it=  37   eps=1.516012
it=  38   eps=1.483761
it=  39   eps=2.127438
it=  40   eps=1.419440
it=  41   eps=1.387593
it=  42   eps=1.356075
it=  43   eps=1.324956
it=  44   eps=1.853963
it=  45   eps=1.264139
it=  46   eps=1.234527
it=  47   eps=1.142446
it=  48   eps=1.177048
it=  49   eps=1.149221
it=  50   eps=1.076158
it=  51   eps=1.054811
it=  52   eps=1.558255
it=  53   eps=1.526672
it=  54   eps=1.055933
it=  55   eps=1.038334
it=  56   eps=1.020847
it=  57   eps=1.003498
it=  58   eps=1.376841
it=  59   eps=0.969299
it=  60   eps=0.952485
it=  61   eps=0.935880
it=  62   eps=1.306316
it=  63   eps=1.286471
it=  64   eps=0.887435
it=  65   eps=0.871770
it=  66   eps=0.856357
it=  67   eps=0.841310
it=  68   eps=0.830291
it=  69   eps=0.819319
it=  70   eps=0.801712
it=  71   eps=0.797557
it=  72   eps=1.062009
it=  73   eps=1.044905
it=  74   eps=1.028078
it=  75   eps=0.755008
it=  76   eps=0.995252
it=  77   eps=1.054367
it=  78   eps=1.041912
it=  79   eps=1.029513
it=  80   eps=0.704150
it=  81   eps=0.694329
it=  82   eps=0.903344
it=  83   eps=0.888963
it=  84   eps=0.641497
it=  85   eps=0.860979
it=  86   eps=0.630443
it=  87   eps=0.834010
it=  88   eps=0.820898
it=  89   eps=0.808505
it=  90   eps=0.623167
it=  91   eps=0.787573
it=  92   eps=0.876511
it=  93   eps=0.524652
it=  94   eps=0.854682
it=  95   eps=0.589786
it=  96   eps=0.833365
it=  97   eps=0.585562
it=  98   eps=0.570389
it=  99   eps=0.559365
it= 100   eps=0.700391
  S = 3118693.312427
time = 0.118361
it=   1   eps=29.333333
it=   2   eps=24.219907
it=   3   eps=15.139066
it=   4   eps=14.792979
it=   5   eps=11.356242
it=   6   eps=9.755818
it=   7   eps=8.407035
it=   8   eps=7.281061
it=   9   eps=5.227936
it=  10   eps=5.437597
it=  11   eps=4.862378
it=  12   eps=4.214556
it=  13   eps=4.616846
it=  14   eps=4.427921
it=  15   eps=3.629074
it=  16   eps=3.021099
it=  17   eps=2.864777
it=  18   eps=2.715552
it=  19   eps=3.259305
it=  20   eps=2.782269
it=  21   eps=2.327476
it=  22   eps=2.944390
it=  23   eps=2.172555
it=  24   eps=2.508947
it=  25   eps=2.147614
it=  26   eps=2.482848
it=  27   eps=1.766185
it=  28   eps=2.206177
it=  29   eps=1.840920
it=  30   eps=1.630985
it=  31   eps=2.012280
it=  32   eps=1.853191
it=  33   eps=1.501550
it=  34   eps=1.851600
it=  35   eps=1.800595
it=  36   eps=1.750971
it=  37   eps=1.702758
it=  38   eps=0.640082
it=  39   eps=1.272004
it=  40   eps=1.566672
it=  41   eps=1.221406
it=  42   eps=1.448856
it=  43   eps=1.235388
it=  44   eps=1.108600
it=  45   eps=1.079390
it=  46   eps=1.214818
it=  47   eps=1.148199
it=  48   eps=1.243950
it=  49   eps=1.003639
it=  50   eps=1.221235
it=  51   eps=1.167069
it=  52   eps=1.208209
it=  53   eps=0.939481
it=  54   eps=1.154379
it=  55   eps=0.982259
it=  56   eps=1.102872
it=  57   eps=0.878767
it=  58   eps=0.934914
it=  59   eps=1.047613
it=  60   eps=0.919810
it=  61   eps=1.242727
it=  62   eps=1.006784
it=  63   eps=1.001980
it=  64   eps=0.830290
it=  65   eps=0.987556
it=  66   eps=0.940754
it=  67   eps=0.936804
it=  68   eps=0.899101
it=  69   eps=0.764713
it=  70   eps=0.891310
it=  71   eps=0.698534
it=  72   eps=0.690845
it=  73   eps=0.842687
it=  74   eps=0.833285
it=  75   eps=0.835808
it=  76   eps=0.662385
it=  77   eps=0.671521
it=  78   eps=0.649879
it=  79   eps=0.641561
it=  80   eps=0.790354
it=  81   eps=0.781523
it=  82   eps=0.655689
it=  83   eps=0.752120
it=  84   eps=0.743549
it=  85   eps=0.638499
it=  86   eps=0.679532
it=  87   eps=0.571276
it=  88   eps=0.644080
it=  89   eps=0.890982
it=  90   eps=0.647736
it=  91   eps=0.563998
it=  92   eps=0.678556
it=  93   eps=0.612413
it=  94   eps=0.623395
it=  95   eps=0.617418
it=  96   eps=0.550699
it=  97   eps=0.632366
it=  98   eps=0.634058
it=  99   eps=0.639499
it= 100   eps=0.632559
  S = 3118693.312427
time = 0.195615
it=   1   eps=30.333333
it=   2   eps=26.699074
it=   3   eps=20.742879
it=   4   eps=9.794488
it=   5   eps=8.792534
it=   6   eps=8.209768
it=   7   eps=5.805957
it=   8   eps=6.387655
it=   9   eps=6.410450
it=  10   eps=4.300741
it=  11   eps=6.097239
it=  12   eps=6.776523
it=  13   eps=4.123365
it=  14   eps=4.381942
it=  15   eps=3.310281
it=  16   eps=3.147993
it=  17   eps=2.978123
it=  18   eps=3.553993
it=  19   eps=2.682169
it=  20   eps=3.198948
it=  21   eps=3.098887
it=  22   eps=2.288278
it=  23   eps=2.282987
it=  24   eps=1.980775
it=  25   eps=2.470531
it=  26   eps=2.811360
it=  27   eps=2.055585
it=  28   eps=2.887120
it=  29   eps=1.746348
it=  30   eps=1.630985
it=  31   eps=2.481962
it=  32   eps=1.525999
it=  33   eps=1.531899
it=  34   eps=1.617157
it=  35   eps=2.366081
it=  36   eps=1.458294
it=  37   eps=1.786606
it=  38   eps=1.795196
it=  39   eps=1.958324
it=  40   eps=1.617033
it=  41   eps=1.252103
it=  42   eps=1.170782
it=  43   eps=1.324956
it=  44   eps=1.522148
it=  45   eps=1.230150
it=  46   eps=1.756696
it=  47   eps=1.665952
it=  48   eps=1.020114
it=  49   eps=1.655812
it=  50   eps=0.969504
it=  51   eps=1.021896
it=  52   eps=1.507394
it=  53   eps=1.526672
it=  54   eps=1.029350
it=  55   eps=0.908676
it=  56   eps=1.435095
it=  57   eps=0.976718
it=  58   eps=1.197694
it=  59   eps=0.898716
it=  60   eps=1.320901
it=  61   eps=1.208297
it=  62   eps=1.027865
it=  63   eps=1.179276
it=  64   eps=1.031045
it=  65   eps=1.191212
it=  66   eps=1.135925
it=  67   eps=0.984869
it=  68   eps=0.743848
it=  69   eps=0.775107
it=  70   eps=0.923222
it=  71   eps=1.101658
it=  72   eps=0.624550
it=  73   eps=0.887214
it=  74   eps=0.771873
it=  75   eps=1.011527
it=  76   eps=0.995252
it=  77   eps=0.979254
it=  78   eps=0.724151
it=  79   eps=0.787346
it=  80   eps=0.848198
it=  81   eps=0.663313
it=  82   eps=0.963013
it=  83   eps=0.846953
it=  84   eps=0.640683
it=  85   eps=0.860979
it=  86   eps=0.601494
it=  87   eps=0.893528
it=  88   eps=0.621202
it=  89   eps=0.721503
it=  90   eps=0.820943
it=  91   eps=0.590812
it=  92   eps=0.850901
it=  93   eps=0.595029
it=  94   eps=0.548591
it=  95   eps=0.747426
it=  96   eps=0.530617
it=  97   eps=0.772390
it=  98   eps=0.800933
it=  99   eps=0.513063
it= 100   eps=0.512419
  S = 3118693.312427
time = 0.403755


PS:

Read file <t64_2.err> for stderr output of this job.

Sender: LSF System <lsfadmin@polus-c1-ib.bmc.hpc.cs.msu.ru>
Subject: Job 500529: <#BSUB -n 16;#BSUB -W 00:15;#BSUB -o t64_2.out;#BSUB -e t64_2.err;#BSUB -R "span[hosts=1]";OMP_NUM_THREADS=8 ./mod2_64;OMP_NUM_THREADS=16 ./mod2_64;OMP_NUM_THREADS=32 ./mod2_64;OMP_NUM_THREADS=64 ./mod2_64;OMP_NUM_THREADS=128 ./mod2_64> in cluster <MSUCluster> Done

Job <#BSUB -n 16;#BSUB -W 00:15;#BSUB -o t64_2.out;#BSUB -e t64_2.err;#BSUB -R "span[hosts=1]";OMP_NUM_THREADS=8 ./mod2_64;OMP_NUM_THREADS=16 ./mod2_64;OMP_NUM_THREADS=32 ./mod2_64;OMP_NUM_THREADS=64 ./mod2_64;OMP_NUM_THREADS=128 ./mod2_64> was submitted from host <polus-ib.bmc.hpc.cs.msu.ru> by user <edu-cmc-skpod19-321-10> in cluster <MSUCluster> at Mon Dec  2 13:29:10 2019
Job was executed on host(s) <16*polus-c1-ib.bmc.hpc.cs.msu.ru>, in queue <short>, as user <edu-cmc-skpod19-321-10> in cluster <MSUCluster> at Mon Dec  2 15:03:10 2019
</home_edu/edu-cmc-skpod19-321/edu-cmc-skpod19-321-10> was used as the home directory.
</home_edu/edu-cmc-skpod19-321/edu-cmc-skpod19-321-10/SuperBlackTree> was used as the working directory.
Started at Mon Dec  2 15:03:10 2019
Terminated at Mon Dec  2 15:03:12 2019
Results reported at Mon Dec  2 15:03:12 2019

Your job looked like:

------------------------------------------------------------
# LSBATCH: User input
#BSUB -n 16
#BSUB -W 00:15
#BSUB -o t64_2.out
#BSUB -e t64_2.err
#BSUB -R "span[hosts=1]"
OMP_NUM_THREADS=8 ./mod2_64
OMP_NUM_THREADS=16 ./mod2_64
OMP_NUM_THREADS=32 ./mod2_64
OMP_NUM_THREADS=64 ./mod2_64
OMP_NUM_THREADS=128 ./mod2_64

------------------------------------------------------------

Successfully completed.

Resource usage summary:

    CPU time :                                   48.23 sec.
    Max Memory :                                 15 MB
    Average Memory :                             10.33 MB
    Total Requested Memory :                     -
    Delta Memory :                               -
    Max Swap :                                   -
    Max Processes :                              4
    Max Threads :                                68
    Run time :                                   2 sec.
    Turnaround time :                            5642 sec.

The output (if any) follows:

it=   1   eps=33.333333
it=   2   eps=28.567130
it=   3   eps=22.992429
it=   4   eps=18.080551
it=   5   eps=14.197599
it=   6   eps=11.245853
it=   7   eps=10.642238
it=   8   eps=9.880777
it=   9   eps=9.064916
it=  10   eps=8.255864
it=  11   eps=7.487494
it=  12   eps=6.776523
it=  13   eps=6.129263
it=  14   eps=5.545983
it=  15   eps=5.232677
it=  16   eps=4.937618
it=  17   eps=4.652311
it=  18   eps=4.379394
it=  19   eps=4.120379
it=  20   eps=3.882259
it=  21   eps=3.757147
it=  22   eps=3.629457
it=  23   eps=3.501026
it=  24   eps=3.373277
it=  25   eps=3.247300
it=  26   eps=3.123911
it=  27   eps=3.003710
it=  28   eps=2.887120
it=  29   eps=2.774428
it=  30   eps=2.669691
it=  31   eps=2.610302
it=  32   eps=2.549794
it=  33   eps=2.488657
it=  34   eps=2.427305
it=  35   eps=2.366081
it=  36   eps=2.305269
it=  37   eps=2.245105
it=  38   eps=2.185777
it=  39   eps=2.127438
it=  40   eps=2.070211
it=  41   eps=2.014188
it=  42   eps=1.959440
it=  43   eps=1.906020
it=  44   eps=1.853963
it=  45   eps=1.803290
it=  46   eps=1.756696
it=  47   eps=1.722789
it=  48   eps=1.689139
it=  49   eps=1.655812
it=  50   eps=1.622860
it=  51   eps=1.590328
it=  52   eps=1.558255
it=  53   eps=1.526672
it=  54   eps=1.495605
it=  55   eps=1.465074
it=  56   eps=1.435095
it=  57   eps=1.407101
it=  58   eps=1.386829
it=  59   eps=1.366584
it=  60   eps=1.346397
it=  61   eps=1.326299
it=  62   eps=1.306316
it=  63   eps=1.286471
it=  64   eps=1.266785
it=  65   eps=1.247275
it=  66   eps=1.227958
it=  67   eps=1.208847
it=  68   eps=1.189954
it=  69   eps=1.171290
it=  70   eps=1.152863
it=  71   eps=1.134680
it=  72   eps=1.117066
it=  73   eps=1.104513
it=  74   eps=1.091952
it=  75   eps=1.079398
it=  76   eps=1.066866
it=  77   eps=1.054367
it=  78   eps=1.041912
it=  79   eps=1.029513
it=  80   eps=1.017177
it=  81   eps=1.004914
it=  82   eps=0.992730
it=  83   eps=0.980634
it=  84   eps=0.968631
it=  85   eps=0.956726
it=  86   eps=0.944926
it=  87   eps=0.933233
it=  88   eps=0.921652
it=  89   eps=0.910187
it=  90   eps=0.898840
it=  91   eps=0.887614
it=  92   eps=0.876511
it=  93   eps=0.865533
it=  94   eps=0.854682
it=  95   eps=0.843959
it=  96   eps=0.833365
it=  97   eps=0.824966
it=  98   eps=0.816844
it=  99   eps=0.808763
it= 100   eps=0.800728
  S = 3118693.312427
time = 0.219061
it=   1   eps=33.333333
it=   2   eps=28.567130
it=   3   eps=22.992429
it=   4   eps=18.080551
it=   5   eps=14.197599
it=   6   eps=11.245853
it=   7   eps=10.642238
it=   8   eps=9.880777
it=   9   eps=9.064916
it=  10   eps=8.255864
it=  11   eps=7.487494
it=  12   eps=6.776523
it=  13   eps=6.129263
it=  14   eps=5.545983
it=  15   eps=5.232677
it=  16   eps=4.937618
it=  17   eps=4.652311
it=  18   eps=4.379394
it=  19   eps=4.120379
it=  20   eps=3.882259
it=  21   eps=3.757147
it=  22   eps=3.629457
it=  23   eps=3.501026
it=  24   eps=3.373277
it=  25   eps=3.247300
it=  26   eps=3.123911
it=  27   eps=3.003710
it=  28   eps=2.887120
it=  29   eps=2.774428
it=  30   eps=2.669691
it=  31   eps=2.610302
it=  32   eps=2.549794
it=  33   eps=2.488657
it=  34   eps=2.427305
it=  35   eps=2.366081
it=  36   eps=2.305269
it=  37   eps=2.245105
it=  38   eps=2.185777
it=  39   eps=2.127438
it=  40   eps=2.070211
it=  41   eps=2.014188
it=  42   eps=1.959440
it=  43   eps=1.906020
it=  44   eps=1.853963
it=  45   eps=1.803290
it=  46   eps=1.756696
it=  47   eps=1.722789
it=  48   eps=1.689139
it=  49   eps=1.655812
it=  50   eps=1.622860
it=  51   eps=1.590328
it=  52   eps=1.558255
it=  53   eps=1.526672
it=  54   eps=1.495605
it=  55   eps=1.465074
it=  56   eps=1.435095
it=  57   eps=1.407101
it=  58   eps=1.386829
it=  59   eps=1.366584
it=  60   eps=1.346397
it=  61   eps=1.326299
it=  62   eps=1.306316
it=  63   eps=1.286471
it=  64   eps=1.266785
it=  65   eps=1.247275
it=  66   eps=1.227958
it=  67   eps=1.208847
it=  68   eps=1.189954
it=  69   eps=1.171290
it=  70   eps=1.152863
it=  71   eps=1.134680
it=  72   eps=1.117066
it=  73   eps=1.104513
it=  74   eps=1.091952
it=  75   eps=1.079398
it=  76   eps=1.066866
it=  77   eps=1.054367
it=  78   eps=1.041912
it=  79   eps=1.029513
it=  80   eps=1.017177
it=  81   eps=1.004914
it=  82   eps=0.992730
it=  83   eps=0.980634
it=  84   eps=0.968631
it=  85   eps=0.956726
it=  86   eps=0.944926
it=  87   eps=0.933233
it=  88   eps=0.921652
it=  89   eps=0.910187
it=  90   eps=0.898840
it=  91   eps=0.887614
it=  92   eps=0.876511
it=  93   eps=0.865533
it=  94   eps=0.854682
it=  95   eps=0.843959
it=  96   eps=0.833365
it=  97   eps=0.824966
it=  98   eps=0.816844
it=  99   eps=0.808763
it= 100   eps=0.800728
  S = 3118693.312427
time = 0.161258
it=   1   eps=33.333333
it=   2   eps=28.567130
it=   3   eps=22.992429
it=   4   eps=18.080551
it=   5   eps=14.197599
it=   6   eps=11.245853
it=   7   eps=10.642238
it=   8   eps=9.880777
it=   9   eps=9.064916
it=  10   eps=8.255864
it=  11   eps=7.487494
it=  12   eps=6.776523
it=  13   eps=6.129263
it=  14   eps=5.545983
it=  15   eps=5.232677
it=  16   eps=4.937618
it=  17   eps=4.652311
it=  18   eps=4.379394
it=  19   eps=4.120379
it=  20   eps=3.882259
it=  21   eps=3.757147
it=  22   eps=3.629457
it=  23   eps=3.501026
it=  24   eps=3.373277
it=  25   eps=3.247300
it=  26   eps=3.123911
it=  27   eps=3.003710
it=  28   eps=2.887120
it=  29   eps=2.774428
it=  30   eps=2.669691
it=  31   eps=2.610302
it=  32   eps=2.549794
it=  33   eps=2.488657
it=  34   eps=2.427305
it=  35   eps=2.366081
it=  36   eps=2.305269
it=  37   eps=2.245105
it=  38   eps=2.185777
it=  39   eps=2.127438
it=  40   eps=2.070211
it=  41   eps=2.014188
it=  42   eps=1.959440
it=  43   eps=1.906020
it=  44   eps=1.853963
it=  45   eps=1.803290
it=  46   eps=1.756696
it=  47   eps=1.722789
it=  48   eps=1.689139
it=  49   eps=1.655812
it=  50   eps=1.622860
it=  51   eps=1.590328
it=  52   eps=1.558255
it=  53   eps=1.526672
it=  54   eps=1.495605
it=  55   eps=1.465074
it=  56   eps=1.435095
it=  57   eps=1.407101
it=  58   eps=1.386829
it=  59   eps=1.366584
it=  60   eps=1.346397
it=  61   eps=1.326299
it=  62   eps=1.306316
it=  63   eps=1.286471
it=  64   eps=1.266785
it=  65   eps=1.247275
it=  66   eps=1.227958
it=  67   eps=1.208847
it=  68   eps=1.189954
it=  69   eps=1.171290
it=  70   eps=1.152863
it=  71   eps=1.134680
it=  72   eps=1.117066
it=  73   eps=1.104513
it=  74   eps=1.091952
it=  75   eps=1.079398
it=  76   eps=1.066866
it=  77   eps=1.054367
it=  78   eps=1.041912
it=  79   eps=1.029513
it=  80   eps=1.017177
it=  81   eps=1.004914
it=  82   eps=0.992730
it=  83   eps=0.980634
it=  84   eps=0.968631
it=  85   eps=0.956726
it=  86   eps=0.944926
it=  87   eps=0.933233
it=  88   eps=0.921652
it=  89   eps=0.910187
it=  90   eps=0.898840
it=  91   eps=0.887614
it=  92   eps=0.876511
it=  93   eps=0.865533
it=  94   eps=0.854682
it=  95   eps=0.843959
it=  96   eps=0.833365
it=  97   eps=0.824966
it=  98   eps=0.816844
it=  99   eps=0.808763
it= 100   eps=0.800728
  S = 3118693.312427
time = 0.121555
it=   1   eps=33.333333
it=   2   eps=28.567130
it=   3   eps=22.992429
it=   4   eps=18.080551
it=   5   eps=14.197599
it=   6   eps=11.245853
it=   7   eps=10.642238
it=   8   eps=9.880777
it=   9   eps=9.064916
it=  10   eps=8.255864
it=  11   eps=7.487494
it=  12   eps=6.776523
it=  13   eps=6.129263
it=  14   eps=5.545983
it=  15   eps=5.232677
it=  16   eps=4.937618
it=  17   eps=4.652311
it=  18   eps=4.379394
it=  19   eps=4.120379
it=  20   eps=3.882259
it=  21   eps=3.757147
it=  22   eps=3.629457
it=  23   eps=3.501026
it=  24   eps=3.373277
it=  25   eps=3.247300
it=  26   eps=3.123911
it=  27   eps=3.003710
it=  28   eps=2.887120
it=  29   eps=2.774428
it=  30   eps=2.669691
it=  31   eps=2.610302
it=  32   eps=2.549794
it=  33   eps=2.488657
it=  34   eps=2.427305
it=  35   eps=2.366081
it=  36   eps=2.305269
it=  37   eps=2.245105
it=  38   eps=2.185777
it=  39   eps=2.127438
it=  40   eps=2.070211
it=  41   eps=2.014188
it=  42   eps=1.959440
it=  43   eps=1.906020
it=  44   eps=1.853963
it=  45   eps=1.803290
it=  46   eps=1.756696
it=  47   eps=1.722789
it=  48   eps=1.689139
it=  49   eps=1.655812
it=  50   eps=1.622860
it=  51   eps=1.590328
it=  52   eps=1.558255
it=  53   eps=1.526672
it=  54   eps=1.495605
it=  55   eps=1.465074
it=  56   eps=1.435095
it=  57   eps=1.407101
it=  58   eps=1.386829
it=  59   eps=1.366584
it=  60   eps=1.346397
it=  61   eps=1.326299
it=  62   eps=1.306316
it=  63   eps=1.286471
it=  64   eps=1.266785
it=  65   eps=1.247275
it=  66   eps=1.227958
it=  67   eps=1.208847
it=  68   eps=1.189954
it=  69   eps=1.171290
it=  70   eps=1.152863
it=  71   eps=1.134680
it=  72   eps=1.117066
it=  73   eps=1.104513
it=  74   eps=1.091952
it=  75   eps=1.079398
it=  76   eps=1.066866
it=  77   eps=1.054367
it=  78   eps=1.041912
it=  79   eps=1.029513
it=  80   eps=1.017177
it=  81   eps=1.004914
it=  82   eps=0.992730
it=  83   eps=0.980634
it=  84   eps=0.968631
it=  85   eps=0.956726
it=  86   eps=0.944926
it=  87   eps=0.933233
it=  88   eps=0.921652
it=  89   eps=0.910187
it=  90   eps=0.898840
it=  91   eps=0.887614
it=  92   eps=0.876511
it=  93   eps=0.865533
it=  94   eps=0.854682
it=  95   eps=0.843959
it=  96   eps=0.833365
it=  97   eps=0.824966
it=  98   eps=0.816844
it=  99   eps=0.808763
it= 100   eps=0.800728
  S = 3118693.312427
time = 0.185478
it=   1   eps=33.333333
it=   2   eps=28.567130
it=   3   eps=22.992429
it=   4   eps=18.080551
it=   5   eps=14.197599
it=   6   eps=11.245853
it=   7   eps=10.642238
it=   8   eps=9.880777
it=   9   eps=9.064916
it=  10   eps=8.255864
it=  11   eps=7.487494
it=  12   eps=6.776523
it=  13   eps=6.129263
it=  14   eps=5.545983
it=  15   eps=5.232677
it=  16   eps=4.937618
it=  17   eps=4.652311
it=  18   eps=4.379394
it=  19   eps=4.120379
it=  20   eps=3.882259
it=  21   eps=3.757147
it=  22   eps=3.629457
it=  23   eps=3.501026
it=  24   eps=3.373277
it=  25   eps=3.247300
it=  26   eps=3.123911
it=  27   eps=3.003710
it=  28   eps=2.887120
it=  29   eps=2.774428
it=  30   eps=2.669691
it=  31   eps=2.610302
it=  32   eps=2.549794
it=  33   eps=2.488657
it=  34   eps=2.427305
it=  35   eps=2.366081
it=  36   eps=2.305269
it=  37   eps=2.245105
it=  38   eps=2.185777
it=  39   eps=2.127438
it=  40   eps=2.070211
it=  41   eps=2.014188
it=  42   eps=1.959440
it=  43   eps=1.906020
it=  44   eps=1.853963
it=  45   eps=1.803290
it=  46   eps=1.756696
it=  47   eps=1.722789
it=  48   eps=1.689139
it=  49   eps=1.655812
it=  50   eps=1.622860
it=  51   eps=1.590328
it=  52   eps=1.558255
it=  53   eps=1.526672
it=  54   eps=1.495605
it=  55   eps=1.465074
it=  56   eps=1.435095
it=  57   eps=1.407101
it=  58   eps=1.386829
it=  59   eps=1.366584
it=  60   eps=1.346397
it=  61   eps=1.326299
it=  62   eps=1.306316
it=  63   eps=1.286471
it=  64   eps=1.266785
it=  65   eps=1.247275
it=  66   eps=1.227958
it=  67   eps=1.208847
it=  68   eps=1.189954
it=  69   eps=1.171290
it=  70   eps=1.152863
it=  71   eps=1.134680
it=  72   eps=1.117066
it=  73   eps=1.104513
it=  74   eps=1.091952
it=  75   eps=1.079398
it=  76   eps=1.066866
it=  77   eps=1.054367
it=  78   eps=1.041912
it=  79   eps=1.029513
it=  80   eps=1.017177
it=  81   eps=1.004914
it=  82   eps=0.992730
it=  83   eps=0.980634
it=  84   eps=0.968631
it=  85   eps=0.956726
it=  86   eps=0.944926
it=  87   eps=0.933233
it=  88   eps=0.921652
it=  89   eps=0.910187
it=  90   eps=0.898840
it=  91   eps=0.887614
it=  92   eps=0.876511
it=  93   eps=0.865533
it=  94   eps=0.854682
it=  95   eps=0.843959
it=  96   eps=0.833365
it=  97   eps=0.824966
it=  98   eps=0.816844
it=  99   eps=0.808763
it= 100   eps=0.800728
  S = 3118693.312427
time = 0.357533


PS:

Read file <t64_2.err> for stderr output of this job.

